<?xml version="1.0" encoding="UTF-8"?>
<testng-results skipped="0" failed="0" total="1" passed="1">
  <reporter-output>
  </reporter-output>
  <suite name="Default suite" duration-ms="16324" started-at="2016-02-16T12:19:55Z" finished-at="2016-02-16T12:20:12Z">
    <groups>
    </groups>
    <test name="Default test" duration-ms="16324" started-at="2016-02-16T12:19:55Z" finished-at="2016-02-16T12:20:12Z">
      <class name="com.highLevel.LoginWR">
        <test-method status="PASS" signature="beforeClass()[pri:0, instance:com.highLevel.LoginWR@c818063]" name="beforeClass" is-config="true" duration-ms="9873" started-at="2016-02-16T17:49:55Z" finished-at="2016-02-16T17:50:05Z">
          <reporter-output>
          </reporter-output>
        </test-method> <!-- beforeClass -->
        <test-method status="PASS" signature="testloginIntoRummy()[pri:0, instance:com.highLevel.LoginWR@c818063]" name="testloginIntoRummy" duration-ms="6407" started-at="2016-02-16T17:50:05Z" finished-at="2016-02-16T17:50:12Z">
          <reporter-output>
          </reporter-output>
        </test-method> <!-- testloginIntoRummy -->
        <test-method status="PASS" signature="afterMethod()[pri:0, instance:com.highLevel.LoginWR@c818063]" name="afterMethod" is-config="true" duration-ms="0" started-at="2016-02-16T17:50:12Z" finished-at="2016-02-16T17:50:12Z">
          <reporter-output>
          </reporter-output>
        </test-method> <!-- afterMethod -->
      </class> <!-- com.highLevel.LoginWR -->
    </test> <!-- Default test -->
  </suite> <!-- Default suite -->
</testng-results>
